<?xml version="1.0" encoding="UTF-8"?>
<testng-results ignored="0" total="3" passed="3" failed="0" skipped="0">
  <reporter-output>
    <line>
      <![CDATA[{
    "id": 70502040,
    "key": "ssh-ed25519 AAAAC3NzaC1lZDI1NTE5AAAAIN/QVtlJVJ135Uv8H+7FxqcYzzZuc2eHjPdpuA0qmZlh",
    "url": "https://api.github.com/user/keys/70502040",
    "title": "TestAPIKey",
    "verified": true,
    "created_at": "2022-09-01T06:29:36Z",
    "read_only": false
}]]>
    </line>
    <line>
      <![CDATA[]]>
    </line>
  </reporter-output>
  <suite started-at="2022-09-01T11:59:35 IST" name="ExampleSuite" finished-at="2022-09-01T11:59:41 IST" duration-ms="6133">
    <groups>
    </groups>
    <test started-at="2022-09-01T11:59:35 IST" name="SuiteTests" finished-at="2022-09-01T11:59:41 IST" duration-ms="6133">
      <class name="Project">
        <test-method is-config="true" signature="setUp()[pri:0, instance:Project@6bbe85a8]" started-at="2022-09-01T11:59:35 IST" name="setUp" finished-at="2022-09-01T11:59:36 IST" duration-ms="1333" status="PASS">
          <reporter-output>
          </reporter-output>
        </test-method> <!-- setUp -->
        <test-method signature="addSSHKey()[pri:1, instance:Project@6bbe85a8]" started-at="2022-09-01T11:59:36 IST" name="addSSHKey" finished-at="2022-09-01T11:59:40 IST" duration-ms="3856" status="PASS">
          <reporter-output>
          </reporter-output>
        </test-method> <!-- addSSHKey -->
        <test-method signature="getSSHKey()[pri:2, instance:Project@6bbe85a8]" started-at="2022-09-01T11:59:40 IST" name="getSSHKey" finished-at="2022-09-01T11:59:41 IST" duration-ms="422" status="PASS">
          <reporter-output>
            <line>
              <![CDATA[{
    "id": 70502040,
    "key": "ssh-ed25519 AAAAC3NzaC1lZDI1NTE5AAAAIN/QVtlJVJ135Uv8H+7FxqcYzzZuc2eHjPdpuA0qmZlh",
    "url": "https://api.github.com/user/keys/70502040",
    "title": "TestAPIKey",
    "verified": true,
    "created_at": "2022-09-01T06:29:36Z",
    "read_only": false
}]]>
            </line>
          </reporter-output>
        </test-method> <!-- getSSHKey -->
        <test-method signature="deleteSSHKey()[pri:3, instance:Project@6bbe85a8]" started-at="2022-09-01T11:59:41 IST" name="deleteSSHKey" finished-at="2022-09-01T11:59:41 IST" duration-ms="412" status="PASS">
          <reporter-output>
            <line>
              <![CDATA[]]>
            </line>
          </reporter-output>
        </test-method> <!-- deleteSSHKey -->
      </class> <!-- Project -->
    </test> <!-- SuiteTests -->
  </suite> <!-- ExampleSuite -->
</testng-results>
